CRITICAL - 2023-02-25 22:20:38 --> Class "Locale" not found
in SYSTEMPATH\CodeIgniter.php on line 194.
 1 ROOTPATH\spark(83): CodeIgniter\CodeIgniter->initialize()
CRITICAL - 2023-02-25 22:23:27 --> Class "Locale" not found
in SYSTEMPATH\CodeIgniter.php on line 194.
 1 ROOTPATH\spark(83): CodeIgniter\CodeIgniter->initialize()
CRITICAL - 2023-02-25 22:27:03 --> Class "Locale" not found
in SYSTEMPATH\CodeIgniter.php on line 194.
 1 ROOTPATH\spark(83): CodeIgniter\CodeIgniter->initialize()
CRITICAL - 2023-02-25 22:27:10 --> Class "Locale" not found
in SYSTEMPATH\CodeIgniter.php on line 194.
 1 ROOTPATH\spark(83): CodeIgniter\CodeIgniter->initialize()
CRITICAL - 2023-02-25 22:32:40 --> Class "Locale" not found
in SYSTEMPATH\CodeIgniter.php on line 194.
 1 ROOTPATH\spark(83): CodeIgniter\CodeIgniter->initialize()
CRITICAL - 2023-02-25 21:36:09 --> Undefined constant App\Controllers\Usuarios::exibir
in APPPATH\Config\Routes.php on line 39.
 1 SYSTEMPATH\Router\RouteCollection.php(266): require()
 2 SYSTEMPATH\CodeIgniter.php(802): CodeIgniter\Router\RouteCollection->loadRoutes()
 3 SYSTEMPATH\CodeIgniter.php(449): CodeIgniter\CodeIgniter->tryToRouteIt(null)
 4 SYSTEMPATH\CodeIgniter.php(368): CodeIgniter\CodeIgniter->handleRequest(null, Object(Config\Cache), false)
 5 FCPATH\index.php(67): CodeIgniter\CodeIgniter->run()
 6 SYSTEMPATH\Commands\Server\rewrite.php(47): require_once('FCPATH\\index.php')
CRITICAL - 2023-02-25 21:37:39 --> Undefined constant App\Controllers\Usuarios::exibir
in APPPATH\Config\Routes.php on line 39.
 1 SYSTEMPATH\Router\RouteCollection.php(266): require()
 2 SYSTEMPATH\CodeIgniter.php(802): CodeIgniter\Router\RouteCollection->loadRoutes()
 3 SYSTEMPATH\CodeIgniter.php(449): CodeIgniter\CodeIgniter->tryToRouteIt(null)
 4 SYSTEMPATH\CodeIgniter.php(368): CodeIgniter\CodeIgniter->handleRequest(null, Object(Config\Cache), false)
 5 FCPATH\index.php(67): CodeIgniter\CodeIgniter->run()
 6 SYSTEMPATH\Commands\Server\rewrite.php(47): require_once('FCPATH\\index.php')
CRITICAL - 2023-02-25 21:50:44 --> Undefined array key 0
in SYSTEMPATH\Router\RouteCollection.php on line 1232.
 1 SYSTEMPATH\Router\RouteCollection.php(1232): CodeIgniter\Debug\Exceptions->errorHandler(2, 'Undefined array key 0', 'SYSTEMPATH\\Router\\RouteCollection.php', 1232)
 2 SYSTEMPATH\Router\RouteCollection.php(1054): CodeIgniter\Router\RouteCollection->buildReverseRoute('usuarios/exibir/([0-9]+)', [])
 3 SYSTEMPATH\Common.php(959): CodeIgniter\Router\RouteCollection->reverseRoute('exibiUsuaios')
 4 APPPATH\Controllers\Usuarios.php(49): route_to('exibiUsuaios')
 5 SYSTEMPATH\CodeIgniter.php(934): App\Controllers\Usuarios->recuperaUsuarios()
 6 SYSTEMPATH\CodeIgniter.php(499): CodeIgniter\CodeIgniter->runController(Object(App\Controllers\Usuarios))
 7 SYSTEMPATH\CodeIgniter.php(368): CodeIgniter\CodeIgniter->handleRequest(null, Object(Config\Cache), false)
 8 FCPATH\index.php(67): CodeIgniter\CodeIgniter->run()
 9 SYSTEMPATH\Commands\Server\rewrite.php(47): require_once('FCPATH\\index.php')
CRITICAL - 2023-02-25 21:51:54 --> Undefined array key 0
in SYSTEMPATH\Router\RouteCollection.php on line 1232.
 1 SYSTEMPATH\Router\RouteCollection.php(1232): CodeIgniter\Debug\Exceptions->errorHandler(2, 'Undefined array key 0', 'SYSTEMPATH\\Router\\RouteCollection.php', 1232)
 2 SYSTEMPATH\Router\RouteCollection.php(1054): CodeIgniter\Router\RouteCollection->buildReverseRoute('usuarios/exibir/([0-9]+)', [])
 3 SYSTEMPATH\Common.php(959): CodeIgniter\Router\RouteCollection->reverseRoute('exibiUsuaios')
 4 APPPATH\Controllers\Usuarios.php(44): route_to('exibiUsuaios')
 5 SYSTEMPATH\CodeIgniter.php(934): App\Controllers\Usuarios->recuperaUsuarios()
 6 SYSTEMPATH\CodeIgniter.php(499): CodeIgniter\CodeIgniter->runController(Object(App\Controllers\Usuarios))
 7 SYSTEMPATH\CodeIgniter.php(368): CodeIgniter\CodeIgniter->handleRequest(null, Object(Config\Cache), false)
 8 FCPATH\index.php(67): CodeIgniter\CodeIgniter->run()
 9 SYSTEMPATH\Commands\Server\rewrite.php(47): require_once('FCPATH\\index.php')
CRITICAL - 2023-02-25 22:01:07 --> Undefined array key 0
in SYSTEMPATH\Router\RouteCollection.php on line 1232.
 1 SYSTEMPATH\Router\RouteCollection.php(1232): CodeIgniter\Debug\Exceptions->errorHandler(2, 'Undefined array key 0', 'SYSTEMPATH\\Router\\RouteCollection.php', 1232)
 2 SYSTEMPATH\Router\RouteCollection.php(1054): CodeIgniter\Router\RouteCollection->buildReverseRoute('usuarios/exibir/([0-9]+)', [])
 3 SYSTEMPATH\Common.php(959): CodeIgniter\Router\RouteCollection->reverseRoute('exibiUsuaios')
 4 SYSTEMPATH\Helpers\url_helper.php(559): route_to('exibiUsuaios')
 5 APPPATH\Controllers\Usuarios.php(44): url_to('exibiUsuaios')
 6 SYSTEMPATH\CodeIgniter.php(934): App\Controllers\Usuarios->recuperaUsuarios()
 7 SYSTEMPATH\CodeIgniter.php(499): CodeIgniter\CodeIgniter->runController(Object(App\Controllers\Usuarios))
 8 SYSTEMPATH\CodeIgniter.php(368): CodeIgniter\CodeIgniter->handleRequest(null, Object(Config\Cache), false)
 9 FCPATH\index.php(67): CodeIgniter\CodeIgniter->run()
10 SYSTEMPATH\Commands\Server\rewrite.php(47): require_once('FCPATH\\index.php')
CRITICAL - 2023-02-25 22:02:12 --> App\Controllers\Usuarios::exibir(): Argument #1 ($id) must be of type ?int, string given, called in E:\Users\Lenovo\Documents\ordem\system\CodeIgniter.php on line 934
in APPPATH\Controllers\Usuarios.php on line 60.
 1 SYSTEMPATH\CodeIgniter.php(934): App\Controllers\Usuarios->exibir('img', 'avatar-3.jpg')
 2 SYSTEMPATH\CodeIgniter.php(499): CodeIgniter\CodeIgniter->runController(Object(App\Controllers\Usuarios))
 3 SYSTEMPATH\CodeIgniter.php(368): CodeIgniter\CodeIgniter->handleRequest(null, Object(Config\Cache), false)
 4 FCPATH\index.php(67): CodeIgniter\CodeIgniter->run()
 5 SYSTEMPATH\Commands\Server\rewrite.php(47): require_once('FCPATH\\index.php')
CRITICAL - 2023-02-25 22:02:12 --> App\Controllers\Usuarios::exibir(): Argument #1 ($id) must be of type ?int, string given, called in E:\Users\Lenovo\Documents\ordem\system\CodeIgniter.php on line 934
in APPPATH\Controllers\Usuarios.php on line 60.
 1 SYSTEMPATH\CodeIgniter.php(934): App\Controllers\Usuarios->exibir('img', 'avatar-2.jpg')
 2 SYSTEMPATH\CodeIgniter.php(499): CodeIgniter\CodeIgniter->runController(Object(App\Controllers\Usuarios))
 3 SYSTEMPATH\CodeIgniter.php(368): CodeIgniter\CodeIgniter->handleRequest(null, Object(Config\Cache), false)
 4 FCPATH\index.php(67): CodeIgniter\CodeIgniter->run()
 5 SYSTEMPATH\Commands\Server\rewrite.php(47): require_once('FCPATH\\index.php')
CRITICAL - 2023-02-25 22:02:12 --> App\Controllers\Usuarios::exibir(): Argument #1 ($id) must be of type ?int, string given, called in E:\Users\Lenovo\Documents\ordem\system\CodeIgniter.php on line 934
in APPPATH\Controllers\Usuarios.php on line 60.
 1 SYSTEMPATH\CodeIgniter.php(934): App\Controllers\Usuarios->exibir('img', 'avatar-1.jpg')
 2 SYSTEMPATH\CodeIgniter.php(499): CodeIgniter\CodeIgniter->runController(Object(App\Controllers\Usuarios))
 3 SYSTEMPATH\CodeIgniter.php(368): CodeIgniter\CodeIgniter->handleRequest(null, Object(Config\Cache), false)
 4 FCPATH\index.php(67): CodeIgniter\CodeIgniter->run()
 5 SYSTEMPATH\Commands\Server\rewrite.php(47): require_once('FCPATH\\index.php')
CRITICAL - 2023-02-25 22:02:12 --> App\Controllers\Usuarios::exibir(): Argument #1 ($id) must be of type ?int, string given, called in E:\Users\Lenovo\Documents\ordem\system\CodeIgniter.php on line 934
in APPPATH\Controllers\Usuarios.php on line 60.
 1 SYSTEMPATH\CodeIgniter.php(934): App\Controllers\Usuarios->exibir('img', 'avatar-6.jpg')
 2 SYSTEMPATH\CodeIgniter.php(499): CodeIgniter\CodeIgniter->runController(Object(App\Controllers\Usuarios))
 3 SYSTEMPATH\CodeIgniter.php(368): CodeIgniter\CodeIgniter->handleRequest(null, Object(Config\Cache), false)
 4 FCPATH\index.php(67): CodeIgniter\CodeIgniter->run()
 5 SYSTEMPATH\Commands\Server\rewrite.php(47): require_once('FCPATH\\index.php')
CRITICAL - 2023-02-25 22:02:12 --> App\Controllers\Usuarios::exibir(): Argument #1 ($id) must be of type ?int, string given, called in E:\Users\Lenovo\Documents\ordem\system\CodeIgniter.php on line 934
in APPPATH\Controllers\Usuarios.php on line 60.
 1 SYSTEMPATH\CodeIgniter.php(934): App\Controllers\Usuarios->exibir('img', 'flags', '16', 'GB.png')
 2 SYSTEMPATH\CodeIgniter.php(499): CodeIgniter\CodeIgniter->runController(Object(App\Controllers\Usuarios))
 3 SYSTEMPATH\CodeIgniter.php(368): CodeIgniter\CodeIgniter->handleRequest(null, Object(Config\Cache), false)
 4 FCPATH\index.php(67): CodeIgniter\CodeIgniter->run()
 5 SYSTEMPATH\Commands\Server\rewrite.php(47): require_once('FCPATH\\index.php')
CRITICAL - 2023-02-25 22:02:12 --> App\Controllers\Usuarios::exibir(): Argument #1 ($id) must be of type ?int, string given, called in E:\Users\Lenovo\Documents\ordem\system\CodeIgniter.php on line 934
in APPPATH\Controllers\Usuarios.php on line 60.
 1 SYSTEMPATH\CodeIgniter.php(934): App\Controllers\Usuarios->exibir('img', 'avatar-5.jpg')
 2 SYSTEMPATH\CodeIgniter.php(499): CodeIgniter\CodeIgniter->runController(Object(App\Controllers\Usuarios))
 3 SYSTEMPATH\CodeIgniter.php(368): CodeIgniter\CodeIgniter->handleRequest(null, Object(Config\Cache), false)
 4 FCPATH\index.php(67): CodeIgniter\CodeIgniter->run()
 5 SYSTEMPATH\Commands\Server\rewrite.php(47): require_once('FCPATH\\index.php')
CRITICAL - 2023-02-25 22:02:12 --> App\Controllers\Usuarios::exibir(): Argument #1 ($id) must be of type ?int, string given, called in E:\Users\Lenovo\Documents\ordem\system\CodeIgniter.php on line 934
in APPPATH\Controllers\Usuarios.php on line 60.
 1 SYSTEMPATH\CodeIgniter.php(934): App\Controllers\Usuarios->exibir('img', 'flags', '16', 'DE.png')
 2 SYSTEMPATH\CodeIgniter.php(499): CodeIgniter\CodeIgniter->runController(Object(App\Controllers\Usuarios))
 3 SYSTEMPATH\CodeIgniter.php(368): CodeIgniter\CodeIgniter->handleRequest(null, Object(Config\Cache), false)
 4 FCPATH\index.php(67): CodeIgniter\CodeIgniter->run()
 5 SYSTEMPATH\Commands\Server\rewrite.php(47): require_once('FCPATH\\index.php')
CRITICAL - 2023-02-25 22:02:12 --> App\Controllers\Usuarios::exibir(): Argument #1 ($id) must be of type ?int, string given, called in E:\Users\Lenovo\Documents\ordem\system\CodeIgniter.php on line 934
in APPPATH\Controllers\Usuarios.php on line 60.
 1 SYSTEMPATH\CodeIgniter.php(934): App\Controllers\Usuarios->exibir('img', 'flags', '16', 'FR.png')
 2 SYSTEMPATH\CodeIgniter.php(499): CodeIgniter\CodeIgniter->runController(Object(App\Controllers\Usuarios))
 3 SYSTEMPATH\CodeIgniter.php(368): CodeIgniter\CodeIgniter->handleRequest(null, Object(Config\Cache), false)
 4 FCPATH\index.php(67): CodeIgniter\CodeIgniter->run()
 5 SYSTEMPATH\Commands\Server\rewrite.php(47): require_once('FCPATH\\index.php')
CRITICAL - 2023-02-25 22:04:14 --> App\Controllers\Usuarios::exibir(): Argument #1 ($id) must be of type ?int, string given, called in E:\Users\Lenovo\Documents\ordem\system\CodeIgniter.php on line 934
in APPPATH\Controllers\Usuarios.php on line 60.
 1 SYSTEMPATH\CodeIgniter.php(934): App\Controllers\Usuarios->exibir('img', 'avatar-3.jpg')
 2 SYSTEMPATH\CodeIgniter.php(499): CodeIgniter\CodeIgniter->runController(Object(App\Controllers\Usuarios))
 3 SYSTEMPATH\CodeIgniter.php(368): CodeIgniter\CodeIgniter->handleRequest(null, Object(Config\Cache), false)
 4 FCPATH\index.php(67): CodeIgniter\CodeIgniter->run()
 5 SYSTEMPATH\Commands\Server\rewrite.php(47): require_once('FCPATH\\index.php')
CRITICAL - 2023-02-25 22:04:14 --> App\Controllers\Usuarios::exibir(): Argument #1 ($id) must be of type ?int, string given, called in E:\Users\Lenovo\Documents\ordem\system\CodeIgniter.php on line 934
in APPPATH\Controllers\Usuarios.php on line 60.
 1 SYSTEMPATH\CodeIgniter.php(934): App\Controllers\Usuarios->exibir('img', 'avatar-2.jpg')
 2 SYSTEMPATH\CodeIgniter.php(499): CodeIgniter\CodeIgniter->runController(Object(App\Controllers\Usuarios))
 3 SYSTEMPATH\CodeIgniter.php(368): CodeIgniter\CodeIgniter->handleRequest(null, Object(Config\Cache), false)
 4 FCPATH\index.php(67): CodeIgniter\CodeIgniter->run()
 5 SYSTEMPATH\Commands\Server\rewrite.php(47): require_once('FCPATH\\index.php')
CRITICAL - 2023-02-25 22:04:14 --> App\Controllers\Usuarios::exibir(): Argument #1 ($id) must be of type ?int, string given, called in E:\Users\Lenovo\Documents\ordem\system\CodeIgniter.php on line 934
in APPPATH\Controllers\Usuarios.php on line 60.
 1 SYSTEMPATH\CodeIgniter.php(934): App\Controllers\Usuarios->exibir('img', 'avatar-1.jpg')
 2 SYSTEMPATH\CodeIgniter.php(499): CodeIgniter\CodeIgniter->runController(Object(App\Controllers\Usuarios))
 3 SYSTEMPATH\CodeIgniter.php(368): CodeIgniter\CodeIgniter->handleRequest(null, Object(Config\Cache), false)
 4 FCPATH\index.php(67): CodeIgniter\CodeIgniter->run()
 5 SYSTEMPATH\Commands\Server\rewrite.php(47): require_once('FCPATH\\index.php')
CRITICAL - 2023-02-25 22:04:14 --> App\Controllers\Usuarios::exibir(): Argument #1 ($id) must be of type ?int, string given, called in E:\Users\Lenovo\Documents\ordem\system\CodeIgniter.php on line 934
in APPPATH\Controllers\Usuarios.php on line 60.
 1 SYSTEMPATH\CodeIgniter.php(934): App\Controllers\Usuarios->exibir('img', 'avatar-6.jpg')
 2 SYSTEMPATH\CodeIgniter.php(499): CodeIgniter\CodeIgniter->runController(Object(App\Controllers\Usuarios))
 3 SYSTEMPATH\CodeIgniter.php(368): CodeIgniter\CodeIgniter->handleRequest(null, Object(Config\Cache), false)
 4 FCPATH\index.php(67): CodeIgniter\CodeIgniter->run()
 5 SYSTEMPATH\Commands\Server\rewrite.php(47): require_once('FCPATH\\index.php')
CRITICAL - 2023-02-25 22:04:14 --> App\Controllers\Usuarios::exibir(): Argument #1 ($id) must be of type ?int, string given, called in E:\Users\Lenovo\Documents\ordem\system\CodeIgniter.php on line 934
in APPPATH\Controllers\Usuarios.php on line 60.
 1 SYSTEMPATH\CodeIgniter.php(934): App\Controllers\Usuarios->exibir('img', 'flags', '16', 'GB.png')
 2 SYSTEMPATH\CodeIgniter.php(499): CodeIgniter\CodeIgniter->runController(Object(App\Controllers\Usuarios))
 3 SYSTEMPATH\CodeIgniter.php(368): CodeIgniter\CodeIgniter->handleRequest(null, Object(Config\Cache), false)
 4 FCPATH\index.php(67): CodeIgniter\CodeIgniter->run()
 5 SYSTEMPATH\Commands\Server\rewrite.php(47): require_once('FCPATH\\index.php')
CRITICAL - 2023-02-25 22:04:14 --> App\Controllers\Usuarios::exibir(): Argument #1 ($id) must be of type ?int, string given, called in E:\Users\Lenovo\Documents\ordem\system\CodeIgniter.php on line 934
in APPPATH\Controllers\Usuarios.php on line 60.
 1 SYSTEMPATH\CodeIgniter.php(934): App\Controllers\Usuarios->exibir('img', 'avatar-5.jpg')
 2 SYSTEMPATH\CodeIgniter.php(499): CodeIgniter\CodeIgniter->runController(Object(App\Controllers\Usuarios))
 3 SYSTEMPATH\CodeIgniter.php(368): CodeIgniter\CodeIgniter->handleRequest(null, Object(Config\Cache), false)
 4 FCPATH\index.php(67): CodeIgniter\CodeIgniter->run()
 5 SYSTEMPATH\Commands\Server\rewrite.php(47): require_once('FCPATH\\index.php')
CRITICAL - 2023-02-25 22:04:14 --> App\Controllers\Usuarios::exibir(): Argument #1 ($id) must be of type ?int, string given, called in E:\Users\Lenovo\Documents\ordem\system\CodeIgniter.php on line 934
in APPPATH\Controllers\Usuarios.php on line 60.
 1 SYSTEMPATH\CodeIgniter.php(934): App\Controllers\Usuarios->exibir('img', 'flags', '16', 'DE.png')
 2 SYSTEMPATH\CodeIgniter.php(499): CodeIgniter\CodeIgniter->runController(Object(App\Controllers\Usuarios))
 3 SYSTEMPATH\CodeIgniter.php(368): CodeIgniter\CodeIgniter->handleRequest(null, Object(Config\Cache), false)
 4 FCPATH\index.php(67): CodeIgniter\CodeIgniter->run()
 5 SYSTEMPATH\Commands\Server\rewrite.php(47): require_once('FCPATH\\index.php')
CRITICAL - 2023-02-25 22:04:14 --> App\Controllers\Usuarios::exibir(): Argument #1 ($id) must be of type ?int, string given, called in E:\Users\Lenovo\Documents\ordem\system\CodeIgniter.php on line 934
in APPPATH\Controllers\Usuarios.php on line 60.
 1 SYSTEMPATH\CodeIgniter.php(934): App\Controllers\Usuarios->exibir('img', 'flags', '16', 'FR.png')
 2 SYSTEMPATH\CodeIgniter.php(499): CodeIgniter\CodeIgniter->runController(Object(App\Controllers\Usuarios))
 3 SYSTEMPATH\CodeIgniter.php(368): CodeIgniter\CodeIgniter->handleRequest(null, Object(Config\Cache), false)
 4 FCPATH\index.php(67): CodeIgniter\CodeIgniter->run()
 5 SYSTEMPATH\Commands\Server\rewrite.php(47): require_once('FCPATH\\index.php')
